<?xml version="1.0" encoding="UTF-8"?><testrun duration="83192" footerText="Generated by IntelliJ IDEA on 6/20/15 5:21 PM" name="SymptomsOnMainPageTest">
    <count name="total" value="19"/>
    <count name="failed" value="19"/>
    <suite duration="83192" name="com.telran" status="failed">
        <suite duration="83192" name="SymptomsOnMainPageTest" status="failed">
            <test duration="19110" name="myTest1 (&quot;Growth&quot;, 1, 1)" status="failed">
                <output type="stderr">java.lang.AssertionError: if file exists or not 
</output>
                <output type="stdout">Expected :
</output>
                <output type="stderr">true
</output>
                <output type="stdout">Actual   :
</output>
                <output type="stderr">false
  
	at org.testng.Assert.fail(Assert.java:94)
	at org.testng.Assert.failNotEquals(Assert.java:494)
	at org.testng.Assert.assertTrue(Assert.java:42)
	at com.telran.SymptomsOnMainPageTest.myTest1(SymptomsOnMainPageTest.java:101)
</output>
            </test>
            <test duration="3848" name="myTest1 (&quot;Head and Neck&quot;, 1, 1)" status="failed">
                <output type="stderr">java.lang.AssertionError: if file exists or not 
</output>
                <output type="stdout">Expected :
</output>
                <output type="stderr">true
</output>
                <output type="stdout">Actual   :
</output>
                <output type="stderr">false
  
	at org.testng.Assert.fail(Assert.java:94)
	at org.testng.Assert.failNotEquals(Assert.java:494)
	at org.testng.Assert.assertTrue(Assert.java:42)
	at com.telran.SymptomsOnMainPageTest.myTest1(SymptomsOnMainPageTest.java:101)
</output>
            </test>
            <test duration="3370" name="myTest1 (&quot;Head and Neck&quot;, 2, 1)" status="failed">
                <output type="stdout">--------------------------------------
No element is found to select.  select_Specific_Area()
--------------------------------------
Unable to locate element: {&amp;quot;method&amp;quot;:&amp;quot;xpath&amp;quot;,&amp;quot;selector&amp;quot;:&amp;quot;//span[contains(text(),&amp;#39;Select a Specific Area&amp;#39;)]/..&amp;quot;}
Command duration or timeout: 101 milliseconds
For documentation on this error, please visit: http://seleniumhq.org/exceptions/no_such_element.html
Build info: version: &amp;#39;2.46.0&amp;#39;, revision: &amp;#39;61506a4624b13675f24581e453592342b7485d71&amp;#39;, time: &amp;#39;2015-06-04 10:22:50&amp;#39;
System info: host: &amp;#39;Tanya-Gauss-MacBook-Pro.local&amp;#39;, ip: &amp;#39;192.168.0.100&amp;#39;, os.name: &amp;#39;Mac OS X&amp;#39;, os.arch: &amp;#39;x86_64&amp;#39;, os.version: &amp;#39;10.10.3&amp;#39;, java.version: &amp;#39;1.8.0_40&amp;#39;
Driver info: org.openqa.selenium.firefox.FirefoxDriver
Capabilities [{applicationCacheEnabled=true, rotatable=false, handlesAlerts=true, databaseEnabled=true, version=38.0.5, platform=MAC, nativeEvents=false, acceptSslCerts=true, webStorageEnabled=true, locationContextEnabled=true, browserName=firefox, takesScreenshot=true, javascriptEnabled=true, cssSelectorsEnabled=true}]
Session ID: c98ec594-2fb3-2942-a42e-abe6061248ce
*** Element info: {Using=xpath, value=//span[contains(text(),&amp;#39;Select a Specific Area&amp;#39;)]/..}
--------------------------------------
No element is found to select.  select_Symptom()
--------------------------------------
Unable to locate element: {&amp;quot;method&amp;quot;:&amp;quot;xpath&amp;quot;,&amp;quot;selector&amp;quot;:&amp;quot;//span[contains(text(),&amp;#39;Select a Symptom&amp;#39;)]/..&amp;quot;}
Command duration or timeout: 36 milliseconds
For documentation on this error, please visit: http://seleniumhq.org/exceptions/no_such_element.html
Build info: version: &amp;#39;2.46.0&amp;#39;, revision: &amp;#39;61506a4624b13675f24581e453592342b7485d71&amp;#39;, time: &amp;#39;2015-06-04 10:22:50&amp;#39;
System info: host: &amp;#39;Tanya-Gauss-MacBook-Pro.local&amp;#39;, ip: &amp;#39;192.168.0.100&amp;#39;, os.name: &amp;#39;Mac OS X&amp;#39;, os.arch: &amp;#39;x86_64&amp;#39;, os.version: &amp;#39;10.10.3&amp;#39;, java.version: &amp;#39;1.8.0_40&amp;#39;
Driver info: org.openqa.selenium.firefox.FirefoxDriver
Capabilities [{applicationCacheEnabled=true, rotatable=false, handlesAlerts=true, databaseEnabled=true, version=38.0.5, platform=MAC, nativeEvents=false, acceptSslCerts=true, webStorageEnabled=true, locationContextEnabled=true, browserName=firefox, takesScreenshot=true, javascriptEnabled=true, cssSelectorsEnabled=true}]
Session ID: c98ec594-2fb3-2942-a42e-abe6061248ce
*** Element info: {Using=xpath, value=//span[contains(text(),&amp;#39;Select a Symptom&amp;#39;)]/..}
</output>
                <output type="stderr">java.lang.AssertionError: if file exists or not 
</output>
                <output type="stdout">Expected :
</output>
                <output type="stderr">true
</output>
                <output type="stdout">Actual   :
</output>
                <output type="stderr">false
  
	at org.testng.Assert.fail(Assert.java:94)
	at org.testng.Assert.failNotEquals(Assert.java:494)
	at org.testng.Assert.assertTrue(Assert.java:42)
	at com.telran.SymptomsOnMainPageTest.myTest1(SymptomsOnMainPageTest.java:101)
</output>
            </test>
            <test duration="3549" name="myTest1 (&quot;Head and Neck&quot;, 3, 1)" status="failed">
                <output type="stdout">--------------------------------------
No element is found to select.  select_Specific_Area()
--------------------------------------
Unable to locate element: {&amp;quot;method&amp;quot;:&amp;quot;xpath&amp;quot;,&amp;quot;selector&amp;quot;:&amp;quot;//span[contains(text(),&amp;#39;Select a Specific Area&amp;#39;)]/..&amp;quot;}
Command duration or timeout: 48 milliseconds
For documentation on this error, please visit: http://seleniumhq.org/exceptions/no_such_element.html
Build info: version: &amp;#39;2.46.0&amp;#39;, revision: &amp;#39;61506a4624b13675f24581e453592342b7485d71&amp;#39;, time: &amp;#39;2015-06-04 10:22:50&amp;#39;
System info: host: &amp;#39;Tanya-Gauss-MacBook-Pro.local&amp;#39;, ip: &amp;#39;192.168.0.100&amp;#39;, os.name: &amp;#39;Mac OS X&amp;#39;, os.arch: &amp;#39;x86_64&amp;#39;, os.version: &amp;#39;10.10.3&amp;#39;, java.version: &amp;#39;1.8.0_40&amp;#39;
Driver info: org.openqa.selenium.firefox.FirefoxDriver
Capabilities [{applicationCacheEnabled=true, rotatable=false, handlesAlerts=true, databaseEnabled=true, version=38.0.5, platform=MAC, nativeEvents=false, acceptSslCerts=true, webStorageEnabled=true, locationContextEnabled=true, browserName=firefox, takesScreenshot=true, javascriptEnabled=true, cssSelectorsEnabled=true}]
Session ID: c98ec594-2fb3-2942-a42e-abe6061248ce
*** Element info: {Using=xpath, value=//span[contains(text(),&amp;#39;Select a Specific Area&amp;#39;)]/..}
--------------------------------------
No element is found to select.  select_Symptom()
--------------------------------------
Unable to locate element: {&amp;quot;method&amp;quot;:&amp;quot;xpath&amp;quot;,&amp;quot;selector&amp;quot;:&amp;quot;//span[contains(text(),&amp;#39;Select a Symptom&amp;#39;)]/..&amp;quot;}
Command duration or timeout: 40 milliseconds
For documentation on this error, please visit: http://seleniumhq.org/exceptions/no_such_element.html
Build info: version: &amp;#39;2.46.0&amp;#39;, revision: &amp;#39;61506a4624b13675f24581e453592342b7485d71&amp;#39;, time: &amp;#39;2015-06-04 10:22:50&amp;#39;
System info: host: &amp;#39;Tanya-Gauss-MacBook-Pro.local&amp;#39;, ip: &amp;#39;192.168.0.100&amp;#39;, os.name: &amp;#39;Mac OS X&amp;#39;, os.arch: &amp;#39;x86_64&amp;#39;, os.version: &amp;#39;10.10.3&amp;#39;, java.version: &amp;#39;1.8.0_40&amp;#39;
Driver info: org.openqa.selenium.firefox.FirefoxDriver
Capabilities [{applicationCacheEnabled=true, rotatable=false, handlesAlerts=true, databaseEnabled=true, version=38.0.5, platform=MAC, nativeEvents=false, acceptSslCerts=true, webStorageEnabled=true, locationContextEnabled=true, browserName=firefox, takesScreenshot=true, javascriptEnabled=true, cssSelectorsEnabled=true}]
Session ID: c98ec594-2fb3-2942-a42e-abe6061248ce
*** Element info: {Using=xpath, value=//span[contains(text(),&amp;#39;Select a Symptom&amp;#39;)]/..}
</output>
                <output type="stderr">java.lang.AssertionError: if file exists or not 
</output>
                <output type="stdout">Expected :
</output>
                <output type="stderr">true
</output>
                <output type="stdout">Actual   :
</output>
                <output type="stderr">false
  
	at org.testng.Assert.fail(Assert.java:94)
	at org.testng.Assert.failNotEquals(Assert.java:494)
	at org.testng.Assert.assertTrue(Assert.java:42)
	at com.telran.SymptomsOnMainPageTest.myTest1(SymptomsOnMainPageTest.java:101)
</output>
            </test>
            <test duration="3331" name="myTest1 (&quot;Head and Neck&quot;, 4, 1)" status="failed">
                <output type="stdout">--------------------------------------
No element is found to select.  select_Specific_Area()
--------------------------------------
Unable to locate element: {&amp;quot;method&amp;quot;:&amp;quot;xpath&amp;quot;,&amp;quot;selector&amp;quot;:&amp;quot;//span[contains(text(),&amp;#39;Select a Specific Area&amp;#39;)]/..&amp;quot;}
Command duration or timeout: 86 milliseconds
For documentation on this error, please visit: http://seleniumhq.org/exceptions/no_such_element.html
Build info: version: &amp;#39;2.46.0&amp;#39;, revision: &amp;#39;61506a4624b13675f24581e453592342b7485d71&amp;#39;, time: &amp;#39;2015-06-04 10:22:50&amp;#39;
System info: host: &amp;#39;Tanya-Gauss-MacBook-Pro.local&amp;#39;, ip: &amp;#39;192.168.0.100&amp;#39;, os.name: &amp;#39;Mac OS X&amp;#39;, os.arch: &amp;#39;x86_64&amp;#39;, os.version: &amp;#39;10.10.3&amp;#39;, java.version: &amp;#39;1.8.0_40&amp;#39;
Driver info: org.openqa.selenium.firefox.FirefoxDriver
Capabilities [{applicationCacheEnabled=true, rotatable=false, handlesAlerts=true, databaseEnabled=true, version=38.0.5, platform=MAC, nativeEvents=false, acceptSslCerts=true, webStorageEnabled=true, locationContextEnabled=true, browserName=firefox, takesScreenshot=true, javascriptEnabled=true, cssSelectorsEnabled=true}]
Session ID: c98ec594-2fb3-2942-a42e-abe6061248ce
*** Element info: {Using=xpath, value=//span[contains(text(),&amp;#39;Select a Specific Area&amp;#39;)]/..}
--------------------------------------
No element is found to select.  select_Symptom()
--------------------------------------
Unable to locate element: {&amp;quot;method&amp;quot;:&amp;quot;xpath&amp;quot;,&amp;quot;selector&amp;quot;:&amp;quot;//span[contains(text(),&amp;#39;Select a Symptom&amp;#39;)]/..&amp;quot;}
Command duration or timeout: 43 milliseconds
For documentation on this error, please visit: http://seleniumhq.org/exceptions/no_such_element.html
Build info: version: &amp;#39;2.46.0&amp;#39;, revision: &amp;#39;61506a4624b13675f24581e453592342b7485d71&amp;#39;, time: &amp;#39;2015-06-04 10:22:50&amp;#39;
System info: host: &amp;#39;Tanya-Gauss-MacBook-Pro.local&amp;#39;, ip: &amp;#39;192.168.0.100&amp;#39;, os.name: &amp;#39;Mac OS X&amp;#39;, os.arch: &amp;#39;x86_64&amp;#39;, os.version: &amp;#39;10.10.3&amp;#39;, java.version: &amp;#39;1.8.0_40&amp;#39;
Driver info: org.openqa.selenium.firefox.FirefoxDriver
Capabilities [{applicationCacheEnabled=true, rotatable=false, handlesAlerts=true, databaseEnabled=true, version=38.0.5, platform=MAC, nativeEvents=false, acceptSslCerts=true, webStorageEnabled=true, locationContextEnabled=true, browserName=firefox, takesScreenshot=true, javascriptEnabled=true, cssSelectorsEnabled=true}]
Session ID: c98ec594-2fb3-2942-a42e-abe6061248ce
*** Element info: {Using=xpath, value=//span[contains(text(),&amp;#39;Select a Symptom&amp;#39;)]/..}
</output>
                <output type="stderr">java.lang.AssertionError: if file exists or not 
</output>
                <output type="stdout">Expected :
</output>
                <output type="stderr">true
</output>
                <output type="stdout">Actual   :
</output>
                <output type="stderr">false
  
	at org.testng.Assert.fail(Assert.java:94)
	at org.testng.Assert.failNotEquals(Assert.java:494)
	at org.testng.Assert.assertTrue(Assert.java:42)
	at com.telran.SymptomsOnMainPageTest.myTest1(SymptomsOnMainPageTest.java:101)
</output>
            </test>
            <test duration="3276" name="myTest1 (&quot;Head and Neck&quot;, 5, 1)" status="failed">
                <output type="stdout">--------------------------------------
No element is found to select.  select_Specific_Area()
--------------------------------------
Unable to locate element: {&amp;quot;method&amp;quot;:&amp;quot;xpath&amp;quot;,&amp;quot;selector&amp;quot;:&amp;quot;//span[contains(text(),&amp;#39;Select a Specific Area&amp;#39;)]/..&amp;quot;}
Command duration or timeout: 80 milliseconds
For documentation on this error, please visit: http://seleniumhq.org/exceptions/no_such_element.html
Build info: version: &amp;#39;2.46.0&amp;#39;, revision: &amp;#39;61506a4624b13675f24581e453592342b7485d71&amp;#39;, time: &amp;#39;2015-06-04 10:22:50&amp;#39;
System info: host: &amp;#39;Tanya-Gauss-MacBook-Pro.local&amp;#39;, ip: &amp;#39;192.168.0.100&amp;#39;, os.name: &amp;#39;Mac OS X&amp;#39;, os.arch: &amp;#39;x86_64&amp;#39;, os.version: &amp;#39;10.10.3&amp;#39;, java.version: &amp;#39;1.8.0_40&amp;#39;
Driver info: org.openqa.selenium.firefox.FirefoxDriver
Capabilities [{applicationCacheEnabled=true, rotatable=false, handlesAlerts=true, databaseEnabled=true, version=38.0.5, platform=MAC, nativeEvents=false, acceptSslCerts=true, webStorageEnabled=true, locationContextEnabled=true, browserName=firefox, takesScreenshot=true, javascriptEnabled=true, cssSelectorsEnabled=true}]
Session ID: c98ec594-2fb3-2942-a42e-abe6061248ce
*** Element info: {Using=xpath, value=//span[contains(text(),&amp;#39;Select a Specific Area&amp;#39;)]/..}
--------------------------------------
No element is found to select.  select_Symptom()
--------------------------------------
Unable to locate element: {&amp;quot;method&amp;quot;:&amp;quot;xpath&amp;quot;,&amp;quot;selector&amp;quot;:&amp;quot;//span[contains(text(),&amp;#39;Select a Symptom&amp;#39;)]/..&amp;quot;}
Command duration or timeout: 40 milliseconds
For documentation on this error, please visit: http://seleniumhq.org/exceptions/no_such_element.html
Build info: version: &amp;#39;2.46.0&amp;#39;, revision: &amp;#39;61506a4624b13675f24581e453592342b7485d71&amp;#39;, time: &amp;#39;2015-06-04 10:22:50&amp;#39;
System info: host: &amp;#39;Tanya-Gauss-MacBook-Pro.local&amp;#39;, ip: &amp;#39;192.168.0.100&amp;#39;, os.name: &amp;#39;Mac OS X&amp;#39;, os.arch: &amp;#39;x86_64&amp;#39;, os.version: &amp;#39;10.10.3&amp;#39;, java.version: &amp;#39;1.8.0_40&amp;#39;
Driver info: org.openqa.selenium.firefox.FirefoxDriver
Capabilities [{applicationCacheEnabled=true, rotatable=false, handlesAlerts=true, databaseEnabled=true, version=38.0.5, platform=MAC, nativeEvents=false, acceptSslCerts=true, webStorageEnabled=true, locationContextEnabled=true, browserName=firefox, takesScreenshot=true, javascriptEnabled=true, cssSelectorsEnabled=true}]
Session ID: c98ec594-2fb3-2942-a42e-abe6061248ce
*** Element info: {Using=xpath, value=//span[contains(text(),&amp;#39;Select a Symptom&amp;#39;)]/..}
</output>
                <output type="stderr">java.lang.AssertionError: if file exists or not 
</output>
                <output type="stdout">Expected :
</output>
                <output type="stderr">true
</output>
                <output type="stdout">Actual   :
</output>
                <output type="stderr">false
  
	at org.testng.Assert.fail(Assert.java:94)
	at org.testng.Assert.failNotEquals(Assert.java:494)
	at org.testng.Assert.assertTrue(Assert.java:42)
	at com.telran.SymptomsOnMainPageTest.myTest1(SymptomsOnMainPageTest.java:101)
</output>
            </test>
            <test duration="3200" name="myTest1 (&quot;Head and Neck&quot;, 6, 1)" status="failed">
                <output type="stdout">--------------------------------------
No element is found to select.  select_Specific_Area()
--------------------------------------
Unable to locate element: {&amp;quot;method&amp;quot;:&amp;quot;xpath&amp;quot;,&amp;quot;selector&amp;quot;:&amp;quot;//span[contains(text(),&amp;#39;Select a Specific Area&amp;#39;)]/..&amp;quot;}
Command duration or timeout: 40 milliseconds
For documentation on this error, please visit: http://seleniumhq.org/exceptions/no_such_element.html
Build info: version: &amp;#39;2.46.0&amp;#39;, revision: &amp;#39;61506a4624b13675f24581e453592342b7485d71&amp;#39;, time: &amp;#39;2015-06-04 10:22:50&amp;#39;
System info: host: &amp;#39;Tanya-Gauss-MacBook-Pro.local&amp;#39;, ip: &amp;#39;192.168.0.100&amp;#39;, os.name: &amp;#39;Mac OS X&amp;#39;, os.arch: &amp;#39;x86_64&amp;#39;, os.version: &amp;#39;10.10.3&amp;#39;, java.version: &amp;#39;1.8.0_40&amp;#39;
Driver info: org.openqa.selenium.firefox.FirefoxDriver
Capabilities [{applicationCacheEnabled=true, rotatable=false, handlesAlerts=true, databaseEnabled=true, version=38.0.5, platform=MAC, nativeEvents=false, acceptSslCerts=true, webStorageEnabled=true, locationContextEnabled=true, browserName=firefox, takesScreenshot=true, javascriptEnabled=true, cssSelectorsEnabled=true}]
Session ID: c98ec594-2fb3-2942-a42e-abe6061248ce
*** Element info: {Using=xpath, value=//span[contains(text(),&amp;#39;Select a Specific Area&amp;#39;)]/..}
--------------------------------------
No element is found to select.  select_Symptom()
--------------------------------------
Unable to locate element: {&amp;quot;method&amp;quot;:&amp;quot;xpath&amp;quot;,&amp;quot;selector&amp;quot;:&amp;quot;//span[contains(text(),&amp;#39;Select a Symptom&amp;#39;)]/..&amp;quot;}
Command duration or timeout: 36 milliseconds
For documentation on this error, please visit: http://seleniumhq.org/exceptions/no_such_element.html
Build info: version: &amp;#39;2.46.0&amp;#39;, revision: &amp;#39;61506a4624b13675f24581e453592342b7485d71&amp;#39;, time: &amp;#39;2015-06-04 10:22:50&amp;#39;
System info: host: &amp;#39;Tanya-Gauss-MacBook-Pro.local&amp;#39;, ip: &amp;#39;192.168.0.100&amp;#39;, os.name: &amp;#39;Mac OS X&amp;#39;, os.arch: &amp;#39;x86_64&amp;#39;, os.version: &amp;#39;10.10.3&amp;#39;, java.version: &amp;#39;1.8.0_40&amp;#39;
Driver info: org.openqa.selenium.firefox.FirefoxDriver
Capabilities [{applicationCacheEnabled=true, rotatable=false, handlesAlerts=true, databaseEnabled=true, version=38.0.5, platform=MAC, nativeEvents=false, acceptSslCerts=true, webStorageEnabled=true, locationContextEnabled=true, browserName=firefox, takesScreenshot=true, javascriptEnabled=true, cssSelectorsEnabled=true}]
Session ID: c98ec594-2fb3-2942-a42e-abe6061248ce
*** Element info: {Using=xpath, value=//span[contains(text(),&amp;#39;Select a Symptom&amp;#39;)]/..}
</output>
                <output type="stderr">java.lang.AssertionError: if file exists or not 
</output>
                <output type="stdout">Expected :
</output>
                <output type="stderr">true
</output>
                <output type="stdout">Actual   :
</output>
                <output type="stderr">false
  
	at org.testng.Assert.fail(Assert.java:94)
	at org.testng.Assert.failNotEquals(Assert.java:494)
	at org.testng.Assert.assertTrue(Assert.java:42)
	at com.telran.SymptomsOnMainPageTest.myTest1(SymptomsOnMainPageTest.java:101)
</output>
            </test>
            <test duration="3282" name="myTest1 (&quot;Head and Neck&quot;, 7, 1)" status="failed">
                <output type="stdout">--------------------------------------
No element is found to select.  select_Specific_Area()
--------------------------------------
Unable to locate element: {&amp;quot;method&amp;quot;:&amp;quot;xpath&amp;quot;,&amp;quot;selector&amp;quot;:&amp;quot;//span[contains(text(),&amp;#39;Select a Specific Area&amp;#39;)]/..&amp;quot;}
Command duration or timeout: 84 milliseconds
For documentation on this error, please visit: http://seleniumhq.org/exceptions/no_such_element.html
Build info: version: &amp;#39;2.46.0&amp;#39;, revision: &amp;#39;61506a4624b13675f24581e453592342b7485d71&amp;#39;, time: &amp;#39;2015-06-04 10:22:50&amp;#39;
System info: host: &amp;#39;Tanya-Gauss-MacBook-Pro.local&amp;#39;, ip: &amp;#39;192.168.0.100&amp;#39;, os.name: &amp;#39;Mac OS X&amp;#39;, os.arch: &amp;#39;x86_64&amp;#39;, os.version: &amp;#39;10.10.3&amp;#39;, java.version: &amp;#39;1.8.0_40&amp;#39;
Driver info: org.openqa.selenium.firefox.FirefoxDriver
Capabilities [{applicationCacheEnabled=true, rotatable=false, handlesAlerts=true, databaseEnabled=true, version=38.0.5, platform=MAC, nativeEvents=false, acceptSslCerts=true, webStorageEnabled=true, locationContextEnabled=true, browserName=firefox, takesScreenshot=true, javascriptEnabled=true, cssSelectorsEnabled=true}]
Session ID: c98ec594-2fb3-2942-a42e-abe6061248ce
*** Element info: {Using=xpath, value=//span[contains(text(),&amp;#39;Select a Specific Area&amp;#39;)]/..}
--------------------------------------
No element is found to select.  select_Symptom()
--------------------------------------
Unable to locate element: {&amp;quot;method&amp;quot;:&amp;quot;xpath&amp;quot;,&amp;quot;selector&amp;quot;:&amp;quot;//span[contains(text(),&amp;#39;Select a Symptom&amp;#39;)]/..&amp;quot;}
Command duration or timeout: 40 milliseconds
For documentation on this error, please visit: http://seleniumhq.org/exceptions/no_such_element.html
Build info: version: &amp;#39;2.46.0&amp;#39;, revision: &amp;#39;61506a4624b13675f24581e453592342b7485d71&amp;#39;, time: &amp;#39;2015-06-04 10:22:50&amp;#39;
System info: host: &amp;#39;Tanya-Gauss-MacBook-Pro.local&amp;#39;, ip: &amp;#39;192.168.0.100&amp;#39;, os.name: &amp;#39;Mac OS X&amp;#39;, os.arch: &amp;#39;x86_64&amp;#39;, os.version: &amp;#39;10.10.3&amp;#39;, java.version: &amp;#39;1.8.0_40&amp;#39;
Driver info: org.openqa.selenium.firefox.FirefoxDriver
Capabilities [{applicationCacheEnabled=true, rotatable=false, handlesAlerts=true, databaseEnabled=true, version=38.0.5, platform=MAC, nativeEvents=false, acceptSslCerts=true, webStorageEnabled=true, locationContextEnabled=true, browserName=firefox, takesScreenshot=true, javascriptEnabled=true, cssSelectorsEnabled=true}]
Session ID: c98ec594-2fb3-2942-a42e-abe6061248ce
*** Element info: {Using=xpath, value=//span[contains(text(),&amp;#39;Select a Symptom&amp;#39;)]/..}
</output>
                <output type="stderr">java.lang.AssertionError: if file exists or not 
</output>
                <output type="stdout">Expected :
</output>
                <output type="stderr">true
</output>
                <output type="stdout">Actual   :
</output>
                <output type="stderr">false
  
	at org.testng.Assert.fail(Assert.java:94)
	at org.testng.Assert.failNotEquals(Assert.java:494)
	at org.testng.Assert.assertTrue(Assert.java:42)
	at com.telran.SymptomsOnMainPageTest.myTest1(SymptomsOnMainPageTest.java:101)
</output>
            </test>
            <test duration="3751" name="myTest1 (&quot;Heart and Blood Vessels&quot;, 1, 1)" status="failed">
                <output type="stderr">java.lang.AssertionError: if file exists or not 
</output>
                <output type="stdout">Expected :
</output>
                <output type="stderr">true
</output>
                <output type="stdout">Actual   :
</output>
                <output type="stderr">false
  
	at org.testng.Assert.fail(Assert.java:94)
	at org.testng.Assert.failNotEquals(Assert.java:494)
	at org.testng.Assert.assertTrue(Assert.java:42)
	at com.telran.SymptomsOnMainPageTest.myTest1(SymptomsOnMainPageTest.java:101)
</output>
            </test>
            <test duration="3511" name="myTest1 (&quot;Heart and Blood Vessels&quot;, 2, 1)" status="failed">
                <output type="stdout">--------------------------------------
No element is found to select.  select_Specific_Area()
--------------------------------------
Unable to locate element: {&amp;quot;method&amp;quot;:&amp;quot;xpath&amp;quot;,&amp;quot;selector&amp;quot;:&amp;quot;//span[contains(text(),&amp;#39;Select a Specific Area&amp;#39;)]/..&amp;quot;}
Command duration or timeout: 83 milliseconds
For documentation on this error, please visit: http://seleniumhq.org/exceptions/no_such_element.html
Build info: version: &amp;#39;2.46.0&amp;#39;, revision: &amp;#39;61506a4624b13675f24581e453592342b7485d71&amp;#39;, time: &amp;#39;2015-06-04 10:22:50&amp;#39;
System info: host: &amp;#39;Tanya-Gauss-MacBook-Pro.local&amp;#39;, ip: &amp;#39;192.168.0.100&amp;#39;, os.name: &amp;#39;Mac OS X&amp;#39;, os.arch: &amp;#39;x86_64&amp;#39;, os.version: &amp;#39;10.10.3&amp;#39;, java.version: &amp;#39;1.8.0_40&amp;#39;
Driver info: org.openqa.selenium.firefox.FirefoxDriver
Capabilities [{applicationCacheEnabled=true, rotatable=false, handlesAlerts=true, databaseEnabled=true, version=38.0.5, platform=MAC, nativeEvents=false, acceptSslCerts=true, webStorageEnabled=true, locationContextEnabled=true, browserName=firefox, takesScreenshot=true, javascriptEnabled=true, cssSelectorsEnabled=true}]
Session ID: c98ec594-2fb3-2942-a42e-abe6061248ce
*** Element info: {Using=xpath, value=//span[contains(text(),&amp;#39;Select a Specific Area&amp;#39;)]/..}
--------------------------------------
No element is found to select.  select_Symptom()
--------------------------------------
Unable to locate element: {&amp;quot;method&amp;quot;:&amp;quot;xpath&amp;quot;,&amp;quot;selector&amp;quot;:&amp;quot;//span[contains(text(),&amp;#39;Select a Symptom&amp;#39;)]/..&amp;quot;}
Command duration or timeout: 36 milliseconds
For documentation on this error, please visit: http://seleniumhq.org/exceptions/no_such_element.html
Build info: version: &amp;#39;2.46.0&amp;#39;, revision: &amp;#39;61506a4624b13675f24581e453592342b7485d71&amp;#39;, time: &amp;#39;2015-06-04 10:22:50&amp;#39;
System info: host: &amp;#39;Tanya-Gauss-MacBook-Pro.local&amp;#39;, ip: &amp;#39;192.168.0.100&amp;#39;, os.name: &amp;#39;Mac OS X&amp;#39;, os.arch: &amp;#39;x86_64&amp;#39;, os.version: &amp;#39;10.10.3&amp;#39;, java.version: &amp;#39;1.8.0_40&amp;#39;
Driver info: org.openqa.selenium.firefox.FirefoxDriver
Capabilities [{applicationCacheEnabled=true, rotatable=false, handlesAlerts=true, databaseEnabled=true, version=38.0.5, platform=MAC, nativeEvents=false, acceptSslCerts=true, webStorageEnabled=true, locationContextEnabled=true, browserName=firefox, takesScreenshot=true, javascriptEnabled=true, cssSelectorsEnabled=true}]
Session ID: c98ec594-2fb3-2942-a42e-abe6061248ce
*** Element info: {Using=xpath, value=//span[contains(text(),&amp;#39;Select a Symptom&amp;#39;)]/..}
</output>
                <output type="stderr">java.lang.AssertionError: if file exists or not 
</output>
                <output type="stdout">Expected :
</output>
                <output type="stderr">true
</output>
                <output type="stdout">Actual   :
</output>
                <output type="stderr">false
  
	at org.testng.Assert.fail(Assert.java:94)
	at org.testng.Assert.failNotEquals(Assert.java:494)
	at org.testng.Assert.assertTrue(Assert.java:42)
	at com.telran.SymptomsOnMainPageTest.myTest1(SymptomsOnMainPageTest.java:101)
</output>
            </test>
            <test duration="3605" name="myTest1 (&quot;Chest and Lungs&quot;, 1, 1)" status="failed">
                <output type="stderr">java.lang.AssertionError: if file exists or not 
</output>
                <output type="stdout">Expected :
</output>
                <output type="stderr">true
</output>
                <output type="stdout">Actual   :
</output>
                <output type="stderr">false
  
	at org.testng.Assert.fail(Assert.java:94)
	at org.testng.Assert.failNotEquals(Assert.java:494)
	at org.testng.Assert.assertTrue(Assert.java:42)
	at com.telran.SymptomsOnMainPageTest.myTest1(SymptomsOnMainPageTest.java:101)
</output>
            </test>
            <test duration="3339" name="myTest1 (&quot;Chest and Lungs&quot;, 2, 1)" status="failed">
                <output type="stdout">--------------------------------------
No element is found to select.  select_Specific_Area()
--------------------------------------
Unable to locate element: {&amp;quot;method&amp;quot;:&amp;quot;xpath&amp;quot;,&amp;quot;selector&amp;quot;:&amp;quot;//span[contains(text(),&amp;#39;Select a Specific Area&amp;#39;)]/..&amp;quot;}
Command duration or timeout: 122 milliseconds
For documentation on this error, please visit: http://seleniumhq.org/exceptions/no_such_element.html
Build info: version: &amp;#39;2.46.0&amp;#39;, revision: &amp;#39;61506a4624b13675f24581e453592342b7485d71&amp;#39;, time: &amp;#39;2015-06-04 10:22:50&amp;#39;
System info: host: &amp;#39;Tanya-Gauss-MacBook-Pro.local&amp;#39;, ip: &amp;#39;192.168.0.100&amp;#39;, os.name: &amp;#39;Mac OS X&amp;#39;, os.arch: &amp;#39;x86_64&amp;#39;, os.version: &amp;#39;10.10.3&amp;#39;, java.version: &amp;#39;1.8.0_40&amp;#39;
Driver info: org.openqa.selenium.firefox.FirefoxDriver
Capabilities [{applicationCacheEnabled=true, rotatable=false, handlesAlerts=true, databaseEnabled=true, version=38.0.5, platform=MAC, nativeEvents=false, acceptSslCerts=true, webStorageEnabled=true, locationContextEnabled=true, browserName=firefox, takesScreenshot=true, javascriptEnabled=true, cssSelectorsEnabled=true}]
Session ID: c98ec594-2fb3-2942-a42e-abe6061248ce
*** Element info: {Using=xpath, value=//span[contains(text(),&amp;#39;Select a Specific Area&amp;#39;)]/..}
--------------------------------------
No element is found to select.  select_Symptom()
--------------------------------------
Unable to locate element: {&amp;quot;method&amp;quot;:&amp;quot;xpath&amp;quot;,&amp;quot;selector&amp;quot;:&amp;quot;//span[contains(text(),&amp;#39;Select a Symptom&amp;#39;)]/..&amp;quot;}
Command duration or timeout: 49 milliseconds
For documentation on this error, please visit: http://seleniumhq.org/exceptions/no_such_element.html
Build info: version: &amp;#39;2.46.0&amp;#39;, revision: &amp;#39;61506a4624b13675f24581e453592342b7485d71&amp;#39;, time: &amp;#39;2015-06-04 10:22:50&amp;#39;
System info: host: &amp;#39;Tanya-Gauss-MacBook-Pro.local&amp;#39;, ip: &amp;#39;192.168.0.100&amp;#39;, os.name: &amp;#39;Mac OS X&amp;#39;, os.arch: &amp;#39;x86_64&amp;#39;, os.version: &amp;#39;10.10.3&amp;#39;, java.version: &amp;#39;1.8.0_40&amp;#39;
Driver info: org.openqa.selenium.firefox.FirefoxDriver
Capabilities [{applicationCacheEnabled=true, rotatable=false, handlesAlerts=true, databaseEnabled=true, version=38.0.5, platform=MAC, nativeEvents=false, acceptSslCerts=true, webStorageEnabled=true, locationContextEnabled=true, browserName=firefox, takesScreenshot=true, javascriptEnabled=true, cssSelectorsEnabled=true}]
Session ID: c98ec594-2fb3-2942-a42e-abe6061248ce
*** Element info: {Using=xpath, value=//span[contains(text(),&amp;#39;Select a Symptom&amp;#39;)]/..}
</output>
                <output type="stderr">java.lang.AssertionError: if file exists or not 
</output>
                <output type="stdout">Expected :
</output>
                <output type="stderr">true
</output>
                <output type="stdout">Actual   :
</output>
                <output type="stderr">false
  
	at org.testng.Assert.fail(Assert.java:94)
	at org.testng.Assert.failNotEquals(Assert.java:494)
	at org.testng.Assert.assertTrue(Assert.java:42)
	at com.telran.SymptomsOnMainPageTest.myTest1(SymptomsOnMainPageTest.java:101)
</output>
            </test>
            <test duration="3824" name="myTest1 (&quot;Abdomen&quot;, 1, 1)" status="failed">
                <output type="stderr">java.lang.AssertionError: if file exists or not 
</output>
                <output type="stdout">Expected :
</output>
                <output type="stderr">true
</output>
                <output type="stdout">Actual   :
</output>
                <output type="stderr">false
  
	at org.testng.Assert.fail(Assert.java:94)
	at org.testng.Assert.failNotEquals(Assert.java:494)
	at org.testng.Assert.assertTrue(Assert.java:42)
	at com.telran.SymptomsOnMainPageTest.myTest1(SymptomsOnMainPageTest.java:101)
</output>
            </test>
            <test duration="3653" name="myTest1 (&quot;Genitalia and Urinary Trac&quot;, 1, 1)" status="failed">
                <output type="stderr">java.lang.AssertionError: if file exists or not 
</output>
                <output type="stdout">Expected :
</output>
                <output type="stderr">true
</output>
                <output type="stdout">Actual   :
</output>
                <output type="stderr">false
  
	at org.testng.Assert.fail(Assert.java:94)
	at org.testng.Assert.failNotEquals(Assert.java:494)
	at org.testng.Assert.assertTrue(Assert.java:42)
	at com.telran.SymptomsOnMainPageTest.myTest1(SymptomsOnMainPageTest.java:101)
</output>
            </test>
            <test duration="3583" name="myTest1 (&quot;Skeletal&quot;, 1, 1)" status="failed">
                <output type="stderr">java.lang.AssertionError: if file exists or not 
</output>
                <output type="stdout">Expected :
</output>
                <output type="stderr">true
</output>
                <output type="stdout">Actual   :
</output>
                <output type="stderr">false
  
	at org.testng.Assert.fail(Assert.java:94)
	at org.testng.Assert.failNotEquals(Assert.java:494)
	at org.testng.Assert.assertTrue(Assert.java:42)
	at com.telran.SymptomsOnMainPageTest.myTest1(SymptomsOnMainPageTest.java:101)
</output>
            </test>
            <test duration="3590" name="myTest1 (&quot;Skin, Nail, Hair&quot;, 1, 1)" status="failed">
                <output type="stderr">java.lang.AssertionError: if file exists or not 
</output>
                <output type="stdout">Expected :
</output>
                <output type="stderr">true
</output>
                <output type="stdout">Actual   :
</output>
                <output type="stderr">false
  
	at org.testng.Assert.fail(Assert.java:94)
	at org.testng.Assert.failNotEquals(Assert.java:494)
	at org.testng.Assert.assertTrue(Assert.java:42)
	at com.telran.SymptomsOnMainPageTest.myTest1(SymptomsOnMainPageTest.java:101)
</output>
            </test>
            <test duration="3818" name="myTest1 (&quot;Neurologic&quot;, 1, 1)" status="failed">
                <output type="stderr">java.lang.AssertionError: if file exists or not 
</output>
                <output type="stdout">Expected :
</output>
                <output type="stderr">true
</output>
                <output type="stdout">Actual   :
</output>
                <output type="stderr">false
  
	at org.testng.Assert.fail(Assert.java:94)
	at org.testng.Assert.failNotEquals(Assert.java:494)
	at org.testng.Assert.assertTrue(Assert.java:42)
	at com.telran.SymptomsOnMainPageTest.myTest1(SymptomsOnMainPageTest.java:101)
	at sun.reflect.GeneratedMethodAccessor6.invoke(Unknown Source)
</output>
            </test>
            <test duration="3808" name="myTest1 (&quot;Complications During Pregnancy&quot;, 1, 1)" status="failed">
                <output type="stderr">java.lang.AssertionError: if file exists or not 
</output>
                <output type="stdout">Expected :
</output>
                <output type="stderr">true
</output>
                <output type="stdout">Actual   :
</output>
                <output type="stderr">false
  
	at org.testng.Assert.fail(Assert.java:94)
	at org.testng.Assert.failNotEquals(Assert.java:494)
	at org.testng.Assert.assertTrue(Assert.java:42)
	at com.telran.SymptomsOnMainPageTest.myTest1(SymptomsOnMainPageTest.java:101)
	at sun.reflect.GeneratedMethodAccessor6.invoke(Unknown Source)
</output>
            </test>
            <test duration="3744" name="myTest1 (&quot;Tumors&quot;, 1, 1)" status="failed">
                <output type="stderr">java.lang.AssertionError: if file exists or not 
</output>
                <output type="stdout">Expected :
</output>
                <output type="stderr">true
</output>
                <output type="stdout">Actual   :
</output>
                <output type="stderr">false
  
	at org.testng.Assert.fail(Assert.java:94)
	at org.testng.Assert.failNotEquals(Assert.java:494)
	at org.testng.Assert.assertTrue(Assert.java:42)
	at com.telran.SymptomsOnMainPageTest.myTest1(SymptomsOnMainPageTest.java:101)
	at sun.reflect.GeneratedMethodAccessor6.invoke(Unknown Source)
</output>
            </test>
        </suite>
    </suite>
</testrun>
